<?xml version="1.0" encoding="UTF-8"?>
<testsuite xmlns:xsi="http://www.w3.org/2001/XMLSchema-instance" xsi:noNamespaceSchemaLocation="https://maven.apache.org/surefire/maven-surefire-plugin/xsd/surefire-test-report-3.0.xsd" version="3.0" name="com.hmic.EmployeeManagementApplicationTests" time="1.42" tests="1" errors="0" skipped="0" failures="0">
  <properties>
[...]
</properties>
  <testcase name="contextLoads" classname="com.hmic.EmployeeManagementApplicationTests" time="0.453">
    <system-out><![CDATA[16:53:47.160 [main] INFO org.springframework.test.context.support.AnnotationConfigContextLoaderUtils -- Could not detect default configuration classes for test class [com.hmic.EmployeeManagementApplicationTests]: EmployeeManagementApplicationTests does not declare any static, non-private, non-final, nested classes annotated with @Configuration.
16:53:47.206 [main] INFO org.springframework.boot.test.context.SpringBootTestContextBootstrapper -- Found @SpringBootConfiguration com.hmic.EmployeeManagementApplication for test class com.hmic.EmployeeManagementApplicationTests

  .   ____          _            __ _ _
 /\\ / ___'_ __ _ _(_)_ __  __ _ \ \ \ \
( ( )\___ | '_ | '_| | '_ \/ _` | \ \ \ \
 \\/  ___)| |_)| | | | | || (_| |  ) ) ) )
  '  |____| .__|_| |_|_| |_\__, | / / / /
 =========|_|==============|___/=/_/_/_/
 :: Spring Boot ::                (v3.2.0)

2023-12-11T16:53:47.378-05:00  INFO 85336 --- [           main] c.h.EmployeeManagementApplicationTests   : Starting EmployeeManagementApplicationTests using Java 17.0.3 with PID 85336 (started by hmic in /Users/hmic/Desktop/employee-management)
2023-12-11T16:53:47.379-05:00  INFO 85336 --- [           main] c.h.EmployeeManagementApplicationTests   : No active profile set, falling back to 1 default profile: "default"
Logging initialized using 'class org.apache.ibatis.logging.stdout.StdOutImpl' adapter.
2023-12-11T16:53:48.034-05:00  INFO 85336 --- [           main] c.h.EmployeeManagementApplicationTests   : Started EmployeeManagementApplicationTests in 0.767 seconds (process running for 1.229)
]]></system-out>
  </testcase>
</testsuite>